0 info it worked if it ends with ok
1 verbose cli [ 'node',
1 verbose cli   '/usr/local/bin/npm',
1 verbose cli   'install',
1 verbose cli   'brunch-uncss',
1 verbose cli   '--save-dev' ]
2 info using npm@1.4.3
3 info using node@v0.10.26
4 warn package.json adp-website@0.1.0 No repository field.
5 warn package.json adp-website@0.1.0 No README data
6 verbose readDependencies using package.json deps
7 verbose cache add [ 'brunch-uncss', null ]
8 verbose cache add name=undefined spec="brunch-uncss" args=["brunch-uncss",null]
9 verbose parsed url { protocol: null,
9 verbose parsed url   slashes: null,
9 verbose parsed url   auth: null,
9 verbose parsed url   host: null,
9 verbose parsed url   port: null,
9 verbose parsed url   hostname: null,
9 verbose parsed url   hash: null,
9 verbose parsed url   search: null,
9 verbose parsed url   query: null,
9 verbose parsed url   pathname: 'brunch-uncss',
9 verbose parsed url   path: 'brunch-uncss',
9 verbose parsed url   href: 'brunch-uncss' }
10 silly lockFile 8e7031e0-brunch-uncss brunch-uncss
11 verbose lock brunch-uncss /var/root/.npm/8e7031e0-brunch-uncss.lock
12 silly lockFile 8e7031e0-brunch-uncss brunch-uncss
13 silly lockFile 8e7031e0-brunch-uncss brunch-uncss
14 verbose addNamed [ 'brunch-uncss', '' ]
15 verbose addNamed [ null, '*' ]
16 silly lockFile bf15bb98-brunch-uncss brunch-uncss@
17 verbose lock brunch-uncss@ /var/root/.npm/bf15bb98-brunch-uncss.lock
18 silly addNameRange { name: 'brunch-uncss', range: '*', hasData: false }
19 verbose url raw brunch-uncss
20 verbose url resolving [ 'https://registry.npmjs.org/', './brunch-uncss' ]
21 verbose url resolved https://registry.npmjs.org/brunch-uncss
22 info trying registry request attempt 1 at 00:11:36
23 http GET https://registry.npmjs.org/brunch-uncss
24 http 404 https://registry.npmjs.org/brunch-uncss
25 silly registry.get cb [ 404,
25 silly registry.get   { date: 'Sun, 30 Mar 2014 04:11:37 GMT',
25 silly registry.get     server: 'CouchDB/1.5.0 (Erlang OTP/R14B04)',
25 silly registry.get     'content-type': 'application/json',
25 silly registry.get     via: '1.1 varnish',
25 silly registry.get     'cache-control': 'max-age=0',
25 silly registry.get     'content-length': '52',
25 silly registry.get     'accept-ranges': 'bytes',
25 silly registry.get     age: '0',
25 silly registry.get     'x-served-by': 'cache-v37-ASH, cache-jfk1022-JFK',
25 silly registry.get     'x-cache': 'MISS, MISS',
25 silly registry.get     'x-cache-hits': '0, 0',
25 silly registry.get     'x-timer': 'S1396152697.170081854,VS0,VS2,VE96,VE101',
25 silly registry.get     'keep-alive': 'timeout=10, max=50',
25 silly registry.get     connection: 'Keep-Alive' } ]
26 silly lockFile bf15bb98-brunch-uncss brunch-uncss@
27 silly lockFile bf15bb98-brunch-uncss brunch-uncss@
28 error 404 'brunch-uncss' is not in the npm registry.
28 error 404 You should bug the author to publish it
28 error 404 It was specified as a dependency of 'adp-website'
28 error 404
28 error 404 Note that you can also install from a
28 error 404 tarball, folder, or http url, or git url.
29 error System Darwin 13.1.0
30 error command "node" "/usr/local/bin/npm" "install" "brunch-uncss" "--save-dev"
31 error cwd /Library/WebServer/Documents/Personal/adp
32 error node -v v0.10.26
33 error npm -v 1.4.3
34 error code E404
35 verbose exit [ 1, true ]
